<?xml version="1.0" encoding="UTF-8"?>
<testng-results ignored="0" total="1" passed="1" failed="0" skipped="0">
  <reporter-output>
  </reporter-output>
  <suite started-at="2018-05-24T15:29:01Z" name="Suite" finished-at="2018-05-24T15:29:10Z" duration-ms="9572">
    <groups>
    </groups>
    <test started-at="2018-05-24T15:29:01Z" name="Test" finished-at="2018-05-24T15:29:10Z" duration-ms="9572">
      <class name="com.project.mavenExamples1">
        <test-method signature="mevantest()[pri:0, instance:com.project.mavenExamples1@692f203f]" started-at="2018-05-24T15:29:01Z" name="mevantest" finished-at="2018-05-24T15:29:10Z" duration-ms="9546" status="PASS">
          <reporter-output>
          </reporter-output>
        </test-method> <!-- mevantest -->
      </class> <!-- com.project.mavenExamples1 -->
    </test> <!-- Test -->
  </suite> <!-- Suite -->
</testng-results>
