<?xml version="1.0" encoding="UTF-8"?>
<testng-results ignored="0" total="1" passed="1" failed="0" skipped="0">
  <reporter-output>
  </reporter-output>
  <suite started-at="2018-05-12T17:45:33Z" name="Default suite" finished-at="2018-05-12T17:45:39Z" duration-ms="5509">
    <groups>
    </groups>
    <test started-at="2018-05-12T17:45:33Z" name="Default test" finished-at="2018-05-12T17:45:39Z" duration-ms="5509">
      <class name="com.project.mavenExamples1">
        <test-method signature="mevantest()[pri:0, instance:com.project.mavenExamples1@6a2b953e]" started-at="2018-05-12T17:45:33Z" name="mevantest" finished-at="2018-05-12T17:45:39Z" duration-ms="5465" status="PASS">
          <reporter-output>
          </reporter-output>
        </test-method> <!-- mevantest -->
      </class> <!-- com.project.mavenExamples1 -->
    </test> <!-- Default test -->
  </suite> <!-- Default suite -->
</testng-results>
